This file contains any messages produced by compilers while
running configure, to aid debugging if configure makes a mistake.

It was created by libltdl configure 2.4.2, which was
generated by GNU Autoconf 2.69.  Invocation command line was

  $ ./configure --disable-option-checking --prefix=/home/j4jackj/ircd --enable-ltdl-convenience --cache-file=/dev/null --srcdir=.

## --------- ##
## Platform. ##
## --------- ##

hostname = 3620networks
uname -m = x86_64
uname -r = 3.2.0-4-amd64
uname -s = Linux
uname -v = #1 SMP Debian 3.2.51-1

/usr/bin/uname -p = unknown
/bin/uname -X     = unknown

/bin/arch              = unknown
/usr/bin/arch -k       = unknown
/usr/convex/getsysinfo = unknown
/usr/bin/hostinfo      = unknown
/bin/machine           = unknown
/usr/bin/oslevel       = unknown
/bin/universe          = unknown

PATH: /usr/local/bin
PATH: /usr/bin
PATH: /bin
PATH: /usr/local/games
PATH: /usr/games


## ----------- ##
## Core tests. ##
## ----------- ##

configure:2283: checking for a BSD-compatible install
configure:2351: result: /usr/bin/install -c
configure:2362: checking whether build environment is sane
configure:2412: result: yes
configure:2553: checking for a thread-safe mkdir -p
configure:2592: result: /bin/mkdir -p
configure:2605: checking for gawk
configure:2635: result: no
configure:2605: checking for mawk
configure:2621: found /usr/bin/mawk
configure:2632: result: mawk
configure:2643: checking whether make sets $(MAKE)
configure:2665: result: yes
configure:2785: checking build system type
configure:2799: result: x86_64-unknown-linux-gnu
configure:2819: checking host system type
configure:2832: result: x86_64-unknown-linux-gnu
configure:2873: checking how to print strings
configure:2900: result: printf
configure:2933: checking for style of include used by make
configure:2961: result: GNU
configure:3032: checking for gcc
configure:3048: found /usr/bin/gcc
configure:3059: result: gcc
configure:3288: checking for C compiler version
configure:3297: gcc --version >&5
gcc (Debian 4.7.2-5) 4.7.2
Copyright (C) 2012 Free Software Foundation, Inc.
This is free software; see the source for copying conditions.  There is NO
warranty; not even for MERCHANTABILITY or FITNESS FOR A PARTICULAR PURPOSE.

configure:3308: $? = 0
configure:3297: gcc -v >&5
Using built-in specs.
COLLECT_GCC=gcc
COLLECT_LTO_WRAPPER=/usr/lib/gcc/x86_64-linux-gnu/4.7/lto-wrapper
Target: x86_64-linux-gnu
Configured with: ../src/configure -v --with-pkgversion='Debian 4.7.2-5' --with-bugurl=file:///usr/share/doc/gcc-4.7/README.Bugs --enable-languages=c,c++,go,fortran,objc,obj-c++ --prefix=/usr --program-suffix=-4.7 --enable-shared --enable-linker-build-id --with-system-zlib --libexecdir=/usr/lib --without-included-gettext --enable-threads=posix --with-gxx-include-dir=/usr/include/c++/4.7 --libdir=/usr/lib --enable-nls --with-sysroot=/ --enable-clocale=gnu --enable-libstdcxx-debug --enable-libstdcxx-time=yes --enable-gnu-unique-object --enable-plugin --enable-objc-gc --with-arch-32=i586 --with-tune=generic --enable-checking=release --build=x86_64-linux-gnu --host=x86_64-linux-gnu --target=x86_64-linux-gnu
Thread model: posix
gcc version 4.7.2 (Debian 4.7.2-5) 
configure:3308: $? = 0
configure:3297: gcc -V >&5
gcc: error: unrecognized command line option '-V'
gcc: fatal error: no input files
compilation terminated.
configure:3308: $? = 4
configure:3297: gcc -qversion >&5
gcc: error: unrecognized command line option '-qversion'
gcc: fatal error: no input files
compilation terminated.
configure:3308: $? = 4
configure:3328: checking whether the C compiler works
configure:3350: gcc    conftest.c  >&5
configure:3354: $? = 0
configure:3402: result: yes
configure:3405: checking for C compiler default output file name
configure:3407: result: a.out
configure:3413: checking for suffix of executables
configure:3420: gcc -o conftest    conftest.c  >&5
configure:3424: $? = 0
configure:3446: result: 
configure:3468: checking whether we are cross compiling
configure:3476: gcc -o conftest    conftest.c  >&5
configure:3480: $? = 0
configure:3487: ./conftest
configure:3491: $? = 0
configure:3506: result: no
configure:3511: checking for suffix of object files
configure:3533: gcc -c   conftest.c >&5
configure:3537: $? = 0
configure:3558: result: o
configure:3562: checking whether we are using the GNU C compiler
configure:3581: gcc -c   conftest.c >&5
configure:3581: $? = 0
configure:3590: result: yes
configure:3599: checking whether gcc accepts -g
configure:3619: gcc -c -g  conftest.c >&5
configure:3619: $? = 0
configure:3660: result: yes
configure:3677: checking for gcc option to accept ISO C89
configure:3740: gcc  -c -g -O2  conftest.c >&5
configure:3740: $? = 0
configure:3753: result: none needed
configure:3775: checking dependency style of gcc
configure:3886: result: gcc3
configure:3901: checking for a sed that does not truncate output
configure:3965: result: /bin/sed
configure:3983: checking for grep that handles long lines and -e
configure:4041: result: /bin/grep
configure:4046: checking for egrep
configure:4108: result: /bin/grep -E
configure:4113: checking for fgrep
configure:4175: result: /bin/grep -F
configure:4210: checking for ld used by gcc
configure:4277: result: /usr/bin/ld
configure:4284: checking if the linker (/usr/bin/ld) is GNU ld
configure:4299: result: yes
configure:4311: checking for BSD- or MS-compatible name lister (nm)
configure:4360: result: /usr/bin/nm -B
configure:4490: checking the name lister (/usr/bin/nm -B) interface
configure:4497: gcc -c -g -O2  conftest.c >&5
configure:4500: /usr/bin/nm -B "conftest.o"
configure:4503: output
0000000000000000 B some_variable
configure:4510: result: BSD nm
configure:4513: checking whether ln -s works
configure:4517: result: yes
configure:4525: checking the maximum length of command line arguments
configure:4655: result: 1572864
configure:4672: checking whether the shell understands some XSI constructs
configure:4682: result: yes
configure:4686: checking whether the shell understands "+="
configure:4692: result: yes
configure:4727: checking how to convert x86_64-unknown-linux-gnu file names to x86_64-unknown-linux-gnu format
configure:4767: result: func_convert_file_noop
configure:4774: checking how to convert x86_64-unknown-linux-gnu file names to toolchain format
configure:4794: result: func_convert_file_noop
configure:4801: checking for /usr/bin/ld option to reload object files
configure:4808: result: -r
configure:4882: checking for objdump
configure:4898: found /usr/bin/objdump
configure:4909: result: objdump
configure:4938: checking how to recognize dependent libraries
configure:5136: result: pass_all
configure:5221: checking for dlltool
configure:5251: result: no
configure:5278: checking how to associate runtime and link libraries
configure:5305: result: printf %s\n
configure:5366: checking for ar
configure:5382: found /usr/bin/ar
configure:5393: result: ar
configure:5430: checking for archiver @FILE support
configure:5447: gcc -c -g -O2  conftest.c >&5
configure:5447: $? = 0
configure:5450: ar cru libconftest.a @conftest.lst >&5
configure:5453: $? = 0
configure:5458: ar cru libconftest.a @conftest.lst >&5
ar: conftest.o: No such file or directory
configure:5461: $? = 1
configure:5473: result: @
configure:5531: checking for strip
configure:5547: found /usr/bin/strip
configure:5558: result: strip
configure:5630: checking for ranlib
configure:5646: found /usr/bin/ranlib
configure:5657: result: ranlib
configure:5759: checking command to parse /usr/bin/nm -B output from gcc object
configure:5879: gcc -c -g -O2  conftest.c >&5
configure:5882: $? = 0
configure:5886: /usr/bin/nm -B conftest.o \| sed -n -e 's/^.*[ ]\([ABCDGIRSTW][ABCDGIRSTW]*\)[ ][ ]*\([_A-Za-z][_A-Za-z0-9]*\)$/\1 \2 \2/p' | sed '/ __gnu_lto/d' \> conftest.nm
configure:5889: $? = 0
configure:5955: gcc -o conftest -g -O2   conftest.c conftstm.o >&5
configure:5958: $? = 0
configure:5996: result: ok
configure:6033: checking for sysroot
configure:6063: result: no
configure:6140: gcc -c -g -O2  conftest.c >&5
configure:6143: $? = 0
configure:6319: checking for mt
configure:6335: found /bin/mt
configure:6346: result: mt
configure:6369: checking if mt is a manifest tool
configure:6375: mt '-?'
configure:6383: result: no
configure:7025: checking how to run the C preprocessor
configure:7056: gcc -E  conftest.c
configure:7056: $? = 0
configure:7070: gcc -E  conftest.c
conftest.c:11:28: fatal error: ac_nonexistent.h: No such file or directory
compilation terminated.
configure:7070: $? = 1
configure: failed program was:
| /* confdefs.h */
| #define PACKAGE_NAME "libltdl"
| #define PACKAGE_TARNAME "libltdl"
| #define PACKAGE_VERSION "2.4.2"
| #define PACKAGE_STRING "libltdl 2.4.2"
| #define PACKAGE_BUGREPORT "bug-libtool@gnu.org"
| #define PACKAGE_URL ""
| #define PACKAGE "libltdl"
| #define VERSION "2.4.2"
| /* end confdefs.h.  */
| #include <ac_nonexistent.h>
configure:7095: result: gcc -E
configure:7115: gcc -E  conftest.c
configure:7115: $? = 0
configure:7129: gcc -E  conftest.c
conftest.c:11:28: fatal error: ac_nonexistent.h: No such file or directory
compilation terminated.
configure:7129: $? = 1
configure: failed program was:
| /* confdefs.h */
| #define PACKAGE_NAME "libltdl"
| #define PACKAGE_TARNAME "libltdl"
| #define PACKAGE_VERSION "2.4.2"
| #define PACKAGE_STRING "libltdl 2.4.2"
| #define PACKAGE_BUGREPORT "bug-libtool@gnu.org"
| #define PACKAGE_URL ""
| #define PACKAGE "libltdl"
| #define VERSION "2.4.2"
| /* end confdefs.h.  */
| #include <ac_nonexistent.h>
configure:7158: checking for ANSI C header files
configure:7178: gcc -c -g -O2  conftest.c >&5
configure:7178: $? = 0
configure:7251: gcc -o conftest -g -O2   conftest.c  >&5
configure:7251: $? = 0
configure:7251: ./conftest
configure:7251: $? = 0
configure:7262: result: yes
configure:7275: checking for sys/types.h
configure:7275: gcc -c -g -O2  conftest.c >&5
configure:7275: $? = 0
configure:7275: result: yes
configure:7275: checking for sys/stat.h
configure:7275: gcc -c -g -O2  conftest.c >&5
configure:7275: $? = 0
configure:7275: result: yes
configure:7275: checking for stdlib.h
configure:7275: gcc -c -g -O2  conftest.c >&5
configure:7275: $? = 0
configure:7275: result: yes
configure:7275: checking for string.h
configure:7275: gcc -c -g -O2  conftest.c >&5
configure:7275: $? = 0
configure:7275: result: yes
configure:7275: checking for memory.h
configure:7275: gcc -c -g -O2  conftest.c >&5
configure:7275: $? = 0
configure:7275: result: yes
configure:7275: checking for strings.h
configure:7275: gcc -c -g -O2  conftest.c >&5
configure:7275: $? = 0
configure:7275: result: yes
configure:7275: checking for inttypes.h
configure:7275: gcc -c -g -O2  conftest.c >&5
configure:7275: $? = 0
configure:7275: result: yes
configure:7275: checking for stdint.h
configure:7275: gcc -c -g -O2  conftest.c >&5
configure:7275: $? = 0
configure:7275: result: yes
configure:7275: checking for unistd.h
configure:7275: gcc -c -g -O2  conftest.c >&5
configure:7275: $? = 0
configure:7275: result: yes
configure:7289: checking for dlfcn.h
configure:7289: gcc -c -g -O2  conftest.c >&5
configure:7289: $? = 0
configure:7289: result: yes
configure:7792: checking for objdir
configure:7807: result: .libs
configure:8078: checking if gcc supports -fno-rtti -fno-exceptions
configure:8096: gcc -c -g -O2  -fno-rtti -fno-exceptions conftest.c >&5
cc1: warning: command line option '-fno-rtti' is valid for C++/ObjC++ but not for C [enabled by default]
configure:8100: $? = 0
configure:8113: result: no
configure:8440: checking for gcc option to produce PIC
configure:8447: result: -fPIC -DPIC
configure:8455: checking if gcc PIC flag -fPIC -DPIC works
configure:8473: gcc -c -g -O2  -fPIC -DPIC -DPIC conftest.c >&5
configure:8477: $? = 0
configure:8490: result: yes
configure:8519: checking if gcc static flag -static works
configure:8547: result: yes
configure:8562: checking if gcc supports -c -o file.o
configure:8583: gcc -c -g -O2  -o out/conftest2.o conftest.c >&5
configure:8587: $? = 0
configure:8609: result: yes
configure:8617: checking if gcc supports -c -o file.o
configure:8664: result: yes
configure:8697: checking whether the gcc linker (/usr/bin/ld -m elf_x86_64) supports shared libraries
configure:9854: result: yes
configure:9891: checking whether -lc should be explicitly linked in
configure:9899: gcc -c -g -O2  conftest.c >&5
configure:9902: $? = 0
configure:9917: gcc -shared  -fPIC -DPIC conftest.o  -v -Wl,-soname -Wl,conftest -o conftest 2\>\&1 \| /bin/grep  -lc  \>/dev/null 2\>\&1
configure:9920: $? = 0
configure:9934: result: no
configure:10094: checking dynamic linker characteristics
configure:10594: gcc -o conftest -g -O2   -Wl,-rpath -Wl,/foo conftest.c  >&5
configure:10594: $? = 0
configure:10828: result: GNU/Linux ld.so
configure:10935: checking how to hardcode library paths into programs
configure:10960: result: immediate
configure:11054: checking for shl_load
configure:11054: gcc -o conftest -g -O2   conftest.c  >&5
/tmp/ccjwsfOa.o: In function `main':
/home/j4jackj/fuckircd/libltdl/conftest.c:57: undefined reference to `shl_load'
collect2: error: ld returned 1 exit status
configure:11054: $? = 1
configure: failed program was:
| /* confdefs.h */
| #define PACKAGE_NAME "libltdl"
| #define PACKAGE_TARNAME "libltdl"
| #define PACKAGE_VERSION "2.4.2"
| #define PACKAGE_STRING "libltdl 2.4.2"
| #define PACKAGE_BUGREPORT "bug-libtool@gnu.org"
| #define PACKAGE_URL ""
| #define PACKAGE "libltdl"
| #define VERSION "2.4.2"
| #define STDC_HEADERS 1
| #define HAVE_SYS_TYPES_H 1
| #define HAVE_SYS_STAT_H 1
| #define HAVE_STDLIB_H 1
| #define HAVE_STRING_H 1
| #define HAVE_MEMORY_H 1
| #define HAVE_STRINGS_H 1
| #define HAVE_INTTYPES_H 1
| #define HAVE_STDINT_H 1
| #define HAVE_UNISTD_H 1
| #define HAVE_DLFCN_H 1
| #define LT_OBJDIR ".libs/"
| /* end confdefs.h.  */
| /* Define shl_load to an innocuous variant, in case <limits.h> declares shl_load.
|    For example, HP-UX 11i <limits.h> declares gettimeofday.  */
| #define shl_load innocuous_shl_load
| 
| /* System header to define __stub macros and hopefully few prototypes,
|     which can conflict with char shl_load (); below.
|     Prefer <limits.h> to <assert.h> if __STDC__ is defined, since
|     <limits.h> exists even on freestanding compilers.  */
| 
| #ifdef __STDC__
| # include <limits.h>
| #else
| # include <assert.h>
| #endif
| 
| #undef shl_load
| 
| /* Override any GCC internal prototype to avoid an error.
|    Use char because int might match the return type of a GCC
|    builtin and then its argument prototype would still apply.  */
| #ifdef __cplusplus
| extern "C"
| #endif
| char shl_load ();
| /* The GNU C library defines this for functions which it implements
|     to always fail with ENOSYS.  Some functions are actually named
|     something starting with __ and the normal name is an alias.  */
| #if defined __stub_shl_load || defined __stub___shl_load
| choke me
| #endif
| 
| int
| main ()
| {
| return shl_load ();
|   ;
|   return 0;
| }
configure:11054: result: no
configure:11058: checking for shl_load in -ldld
configure:11083: gcc -o conftest -g -O2   conftest.c -ldld   >&5
/usr/bin/ld: cannot find -ldld
collect2: error: ld returned 1 exit status
configure:11083: $? = 1
configure: failed program was:
| /* confdefs.h */
| #define PACKAGE_NAME "libltdl"
| #define PACKAGE_TARNAME "libltdl"
| #define PACKAGE_VERSION "2.4.2"
| #define PACKAGE_STRING "libltdl 2.4.2"
| #define PACKAGE_BUGREPORT "bug-libtool@gnu.org"
| #define PACKAGE_URL ""
| #define PACKAGE "libltdl"
| #define VERSION "2.4.2"
| #define STDC_HEADERS 1
| #define HAVE_SYS_TYPES_H 1
| #define HAVE_SYS_STAT_H 1
| #define HAVE_STDLIB_H 1
| #define HAVE_STRING_H 1
| #define HAVE_MEMORY_H 1
| #define HAVE_STRINGS_H 1
| #define HAVE_INTTYPES_H 1
| #define HAVE_STDINT_H 1
| #define HAVE_UNISTD_H 1
| #define HAVE_DLFCN_H 1
| #define LT_OBJDIR ".libs/"
| /* end confdefs.h.  */
| 
| /* Override any GCC internal prototype to avoid an error.
|    Use char because int might match the return type of a GCC
|    builtin and then its argument prototype would still apply.  */
| #ifdef __cplusplus
| extern "C"
| #endif
| char shl_load ();
| int
| main ()
| {
| return shl_load ();
|   ;
|   return 0;
| }
configure:11092: result: no
configure:11097: checking for dlopen
configure:11097: gcc -o conftest -g -O2   conftest.c  >&5
/tmp/ccUKzE1l.o: In function `main':
/home/j4jackj/fuckircd/libltdl/conftest.c:57: undefined reference to `dlopen'
collect2: error: ld returned 1 exit status
configure:11097: $? = 1
configure: failed program was:
| /* confdefs.h */
| #define PACKAGE_NAME "libltdl"
| #define PACKAGE_TARNAME "libltdl"
| #define PACKAGE_VERSION "2.4.2"
| #define PACKAGE_STRING "libltdl 2.4.2"
| #define PACKAGE_BUGREPORT "bug-libtool@gnu.org"
| #define PACKAGE_URL ""
| #define PACKAGE "libltdl"
| #define VERSION "2.4.2"
| #define STDC_HEADERS 1
| #define HAVE_SYS_TYPES_H 1
| #define HAVE_SYS_STAT_H 1
| #define HAVE_STDLIB_H 1
| #define HAVE_STRING_H 1
| #define HAVE_MEMORY_H 1
| #define HAVE_STRINGS_H 1
| #define HAVE_INTTYPES_H 1
| #define HAVE_STDINT_H 1
| #define HAVE_UNISTD_H 1
| #define HAVE_DLFCN_H 1
| #define LT_OBJDIR ".libs/"
| /* end confdefs.h.  */
| /* Define dlopen to an innocuous variant, in case <limits.h> declares dlopen.
|    For example, HP-UX 11i <limits.h> declares gettimeofday.  */
| #define dlopen innocuous_dlopen
| 
| /* System header to define __stub macros and hopefully few prototypes,
|     which can conflict with char dlopen (); below.
|     Prefer <limits.h> to <assert.h> if __STDC__ is defined, since
|     <limits.h> exists even on freestanding compilers.  */
| 
| #ifdef __STDC__
| # include <limits.h>
| #else
| # include <assert.h>
| #endif
| 
| #undef dlopen
| 
| /* Override any GCC internal prototype to avoid an error.
|    Use char because int might match the return type of a GCC
|    builtin and then its argument prototype would still apply.  */
| #ifdef __cplusplus
| extern "C"
| #endif
| char dlopen ();
| /* The GNU C library defines this for functions which it implements
|     to always fail with ENOSYS.  Some functions are actually named
|     something starting with __ and the normal name is an alias.  */
| #if defined __stub_dlopen || defined __stub___dlopen
| choke me
| #endif
| 
| int
| main ()
| {
| return dlopen ();
|   ;
|   return 0;
| }
configure:11097: result: no
configure:11101: checking for dlopen in -ldl
configure:11126: gcc -o conftest -g -O2   conftest.c -ldl   >&5
configure:11126: $? = 0
configure:11135: result: yes
configure:11254: checking whether a program can dlopen itself
configure:11334: gcc -o conftest -g -O2  -DHAVE_DLFCN_H  -Wl,--export-dynamic conftest.c -ldl  >&5
configure:11337: $? = 0
configure:11355: result: yes
configure:11360: checking whether a statically linked program can dlopen itself
configure:11440: gcc -o conftest -g -O2  -DHAVE_DLFCN_H  -Wl,--export-dynamic -static conftest.c -ldl  >&5
/tmp/ccbJR02y.o: In function `main':
/home/j4jackj/fuckircd/libltdl/configure:11419: warning: Using 'dlopen' in statically linked applications requires at runtime the shared libraries from the glibc version used for linking
/usr/bin/ld: dynamic STT_GNU_IFUNC symbol `strcmp' with pointer equality in `/usr/lib/gcc/x86_64-linux-gnu/4.7/../../../x86_64-linux-gnu/libc.a(strcmp.o)' can not be used when making an executable; recompile with -fPIE and relink with -pie
collect2: error: ld returned 1 exit status
configure:11443: $? = 1
configure:11461: result: no
configure:11500: checking whether stripping libraries is possible
configure:11505: result: yes
configure:11540: checking if libtool supports shared libraries
configure:11542: result: yes
configure:11545: checking whether to build shared libraries
configure:11566: result: yes
configure:11569: checking whether to build static libraries
configure:11573: result: yes
configure:11610: checking which extension is used for runtime loadable modules
configure:11622: result: .so
configure:11639: checking which variable specifies run-time module search path
configure:11646: result: LD_LIBRARY_PATH
configure:11656: checking for the default library search path
configure:11663: result: /lib /usr/lib /usr/local/lib /lib/x86_64-linux-gnu /usr/lib/x86_64-linux-gnu 
configure:11693: checking for library containing dlopen
configure:11724: gcc -o conftest -g -O2   conftest.c  >&5
/tmp/ccSTHTLG.o: In function `main':
/home/j4jackj/fuckircd/libltdl/conftest.c:37: undefined reference to `dlopen'
collect2: error: ld returned 1 exit status
configure:11724: $? = 1
configure: failed program was:
| /* confdefs.h */
| #define PACKAGE_NAME "libltdl"
| #define PACKAGE_TARNAME "libltdl"
| #define PACKAGE_VERSION "2.4.2"
| #define PACKAGE_STRING "libltdl 2.4.2"
| #define PACKAGE_BUGREPORT "bug-libtool@gnu.org"
| #define PACKAGE_URL ""
| #define PACKAGE "libltdl"
| #define VERSION "2.4.2"
| #define STDC_HEADERS 1
| #define HAVE_SYS_TYPES_H 1
| #define HAVE_SYS_STAT_H 1
| #define HAVE_STDLIB_H 1
| #define HAVE_STRING_H 1
| #define HAVE_MEMORY_H 1
| #define HAVE_STRINGS_H 1
| #define HAVE_INTTYPES_H 1
| #define HAVE_STDINT_H 1
| #define HAVE_UNISTD_H 1
| #define HAVE_DLFCN_H 1
| #define LT_OBJDIR ".libs/"
| #define LT_MODULE_EXT ".so"
| #define LT_MODULE_PATH_VAR "LD_LIBRARY_PATH"
| #define LT_DLSEARCH_PATH "/lib:/usr/lib:/usr/local/lib:/lib/x86_64-linux-gnu:/usr/lib/x86_64-linux-gnu"
| /* end confdefs.h.  */
| 
| /* Override any GCC internal prototype to avoid an error.
|    Use char because int might match the return type of a GCC
|    builtin and then its argument prototype would still apply.  */
| #ifdef __cplusplus
| extern "C"
| #endif
| char dlopen ();
| int
| main ()
| {
| return dlopen ();
|   ;
|   return 0;
| }
configure:11724: gcc -o conftest -g -O2   conftest.c -ldl   >&5
configure:11724: $? = 0
configure:11741: result: -ldl
configure:11831: checking for dlerror
configure:11831: gcc -o conftest -g -O2   conftest.c -ldl  -ldl >&5
configure:11831: $? = 0
configure:11831: result: yes
configure:11845: checking for shl_load
configure:11845: result: no
configure:11852: checking for shl_load in -ldld
configure:11886: result: no
configure:11932: checking for dld_link in -ldld
configure:11957: gcc -o conftest -g -O2   conftest.c -ldld  -ldl  >&5
/usr/bin/ld: cannot find -ldld
collect2: error: ld returned 1 exit status
configure:11957: $? = 1
configure: failed program was:
| /* confdefs.h */
| #define PACKAGE_NAME "libltdl"
| #define PACKAGE_TARNAME "libltdl"
| #define PACKAGE_VERSION "2.4.2"
| #define PACKAGE_STRING "libltdl 2.4.2"
| #define PACKAGE_BUGREPORT "bug-libtool@gnu.org"
| #define PACKAGE_URL ""
| #define PACKAGE "libltdl"
| #define VERSION "2.4.2"
| #define STDC_HEADERS 1
| #define HAVE_SYS_TYPES_H 1
| #define HAVE_SYS_STAT_H 1
| #define HAVE_STDLIB_H 1
| #define HAVE_STRING_H 1
| #define HAVE_MEMORY_H 1
| #define HAVE_STRINGS_H 1
| #define HAVE_INTTYPES_H 1
| #define HAVE_STDINT_H 1
| #define HAVE_UNISTD_H 1
| #define HAVE_DLFCN_H 1
| #define LT_OBJDIR ".libs/"
| #define LT_MODULE_EXT ".so"
| #define LT_MODULE_PATH_VAR "LD_LIBRARY_PATH"
| #define LT_DLSEARCH_PATH "/lib:/usr/lib:/usr/local/lib:/lib/x86_64-linux-gnu:/usr/lib/x86_64-linux-gnu"
| #define HAVE_LIBDL 1
| #define HAVE_DLERROR 1
| /* end confdefs.h.  */
| 
| /* Override any GCC internal prototype to avoid an error.
|    Use char because int might match the return type of a GCC
|    builtin and then its argument prototype would still apply.  */
| #ifdef __cplusplus
| extern "C"
| #endif
| char dld_link ();
| int
| main ()
| {
| return dld_link ();
|   ;
|   return 0;
| }
configure:11966: result: no
configure:12000: checking for _ prefix in compiled symbols
configure:12010: gcc -c -g -O2  conftest.c >&5
configure:12013: $? = 0
configure:12017: /usr/bin/nm -B conftest.o \| sed -n -e 's/^.*[	 ]\([ABCDGIRSTW][ABCDGIRSTW]*\)[	 ][	 ]*\([_A-Za-z][_A-Za-z0-9]*\)$/\1 \2 \2/p' | sed '/ __gnu_lto/d' \> conftest.nm
configure:12020: $? = 0
configure:12042: result: no
configure:12166: checking whether deplibs are loaded by dlopen
configure:12260: result: yes
configure:12272: checking for argz.h
configure:12272: gcc -c -g -O2  conftest.c >&5
configure:12272: $? = 0
configure:12272: result: yes
configure:12284: checking for error_t
configure:12284: gcc -c -g -O2  conftest.c >&5
configure:12284: $? = 0
configure:12284: gcc -c -g -O2  conftest.c >&5
conftest.c: In function 'main':
conftest.c:37:22: error: expected expression before ')' token
configure:12284: $? = 1
configure: failed program was:
| /* confdefs.h */
| #define PACKAGE_NAME "libltdl"
| #define PACKAGE_TARNAME "libltdl"
| #define PACKAGE_VERSION "2.4.2"
| #define PACKAGE_STRING "libltdl 2.4.2"
| #define PACKAGE_BUGREPORT "bug-libtool@gnu.org"
| #define PACKAGE_URL ""
| #define PACKAGE "libltdl"
| #define VERSION "2.4.2"
| #define STDC_HEADERS 1
| #define HAVE_SYS_TYPES_H 1
| #define HAVE_SYS_STAT_H 1
| #define HAVE_STDLIB_H 1
| #define HAVE_STRING_H 1
| #define HAVE_MEMORY_H 1
| #define HAVE_STRINGS_H 1
| #define HAVE_INTTYPES_H 1
| #define HAVE_STDINT_H 1
| #define HAVE_UNISTD_H 1
| #define HAVE_DLFCN_H 1
| #define LT_OBJDIR ".libs/"
| #define LT_MODULE_EXT ".so"
| #define LT_MODULE_PATH_VAR "LD_LIBRARY_PATH"
| #define LT_DLSEARCH_PATH "/lib:/usr/lib:/usr/local/lib:/lib/x86_64-linux-gnu:/usr/lib/x86_64-linux-gnu"
| #define HAVE_LIBDL 1
| #define HAVE_DLERROR 1
| #define HAVE_LIBDLLOADER 1
| #define HAVE_ARGZ_H 1
| /* end confdefs.h.  */
| #if defined(HAVE_ARGZ_H)
| #  include <argz.h>
| #endif
| 
| int
| main ()
| {
| if (sizeof ((error_t)))
| 	    return 0;
|   ;
|   return 0;
| }
configure:12284: result: yes
configure:12310: checking for argz_add
configure:12310: gcc -o conftest -g -O2   conftest.c -ldl  >&5
configure:12310: $? = 0
configure:12310: result: yes
configure:12310: checking for argz_append
configure:12310: gcc -o conftest -g -O2   conftest.c -ldl  >&5
configure:12310: $? = 0
configure:12310: result: yes
configure:12310: checking for argz_count
configure:12310: gcc -o conftest -g -O2   conftest.c -ldl  >&5
configure:12310: $? = 0
configure:12310: result: yes
configure:12310: checking for argz_create_sep
configure:12310: gcc -o conftest -g -O2   conftest.c -ldl  >&5
configure:12310: $? = 0
configure:12310: result: yes
configure:12310: checking for argz_insert
configure:12310: gcc -o conftest -g -O2   conftest.c -ldl  >&5
configure:12310: $? = 0
configure:12310: result: yes
configure:12310: checking for argz_next
configure:12310: gcc -o conftest -g -O2   conftest.c -ldl  >&5
configure:12310: $? = 0
configure:12310: result: yes
configure:12310: checking for argz_stringify
configure:12310: gcc -o conftest -g -O2   conftest.c -ldl  >&5
configure:12310: $? = 0
configure:12310: result: yes
configure:12328: checking if argz actually works
configure:12359: result: yes
configure:12378: checking whether libtool supports -dlopen/-dlpreopen
configure:12390: result: yes
configure:12443: checking for unistd.h
configure:12443: result: yes
configure:12443: checking for dl.h
configure:12443: gcc -c -g -O2  conftest.c >&5
conftest.c:75:16: fatal error: dl.h: No such file or directory
compilation terminated.
configure:12443: $? = 1
configure: failed program was:
| /* confdefs.h */
| #define PACKAGE_NAME "libltdl"
| #define PACKAGE_TARNAME "libltdl"
| #define PACKAGE_VERSION "2.4.2"
| #define PACKAGE_STRING "libltdl 2.4.2"
| #define PACKAGE_BUGREPORT "bug-libtool@gnu.org"
| #define PACKAGE_URL ""
| #define PACKAGE "libltdl"
| #define VERSION "2.4.2"
| #define STDC_HEADERS 1
| #define HAVE_SYS_TYPES_H 1
| #define HAVE_SYS_STAT_H 1
| #define HAVE_STDLIB_H 1
| #define HAVE_STRING_H 1
| #define HAVE_MEMORY_H 1
| #define HAVE_STRINGS_H 1
| #define HAVE_INTTYPES_H 1
| #define HAVE_STDINT_H 1
| #define HAVE_UNISTD_H 1
| #define HAVE_DLFCN_H 1
| #define LT_OBJDIR ".libs/"
| #define LT_MODULE_EXT ".so"
| #define LT_MODULE_PATH_VAR "LD_LIBRARY_PATH"
| #define LT_DLSEARCH_PATH "/lib:/usr/lib:/usr/local/lib:/lib/x86_64-linux-gnu:/usr/lib/x86_64-linux-gnu"
| #define HAVE_LIBDL 1
| #define HAVE_DLERROR 1
| #define HAVE_LIBDLLOADER 1
| #define HAVE_ARGZ_H 1
| #define HAVE_ERROR_T 1
| #define HAVE_ARGZ_ADD 1
| #define HAVE_ARGZ_APPEND 1
| #define HAVE_ARGZ_COUNT 1
| #define HAVE_ARGZ_CREATE_SEP 1
| #define HAVE_ARGZ_INSERT 1
| #define HAVE_ARGZ_NEXT 1
| #define HAVE_ARGZ_STRINGIFY 1
| #define HAVE_WORKING_ARGZ 1
| #define HAVE_PRELOADED_SYMBOLS 1
| #define HAVE_UNISTD_H 1
| /* end confdefs.h.  */
| #include <stdio.h>
| #ifdef HAVE_SYS_TYPES_H
| # include <sys/types.h>
| #endif
| #ifdef HAVE_SYS_STAT_H
| # include <sys/stat.h>
| #endif
| #ifdef STDC_HEADERS
| # include <stdlib.h>
| # include <stddef.h>
| #else
| # ifdef HAVE_STDLIB_H
| #  include <stdlib.h>
| # endif
| #endif
| #ifdef HAVE_STRING_H
| # if !defined STDC_HEADERS && defined HAVE_MEMORY_H
| #  include <memory.h>
| # endif
| # include <string.h>
| #endif
| #ifdef HAVE_STRINGS_H
| # include <strings.h>
| #endif
| #ifdef HAVE_INTTYPES_H
| # include <inttypes.h>
| #endif
| #ifdef HAVE_STDINT_H
| # include <stdint.h>
| #endif
| #ifdef HAVE_UNISTD_H
| # include <unistd.h>
| #endif
| 
| #include <dl.h>
configure:12443: result: no
configure:12443: checking for sys/dl.h
configure:12443: gcc -c -g -O2  conftest.c >&5
conftest.c:75:20: fatal error: sys/dl.h: No such file or directory
compilation terminated.
configure:12443: $? = 1
configure: failed program was:
| /* confdefs.h */
| #define PACKAGE_NAME "libltdl"
| #define PACKAGE_TARNAME "libltdl"
| #define PACKAGE_VERSION "2.4.2"
| #define PACKAGE_STRING "libltdl 2.4.2"
| #define PACKAGE_BUGREPORT "bug-libtool@gnu.org"
| #define PACKAGE_URL ""
| #define PACKAGE "libltdl"
| #define VERSION "2.4.2"
| #define STDC_HEADERS 1
| #define HAVE_SYS_TYPES_H 1
| #define HAVE_SYS_STAT_H 1
| #define HAVE_STDLIB_H 1
| #define HAVE_STRING_H 1
| #define HAVE_MEMORY_H 1
| #define HAVE_STRINGS_H 1
| #define HAVE_INTTYPES_H 1
| #define HAVE_STDINT_H 1
| #define HAVE_UNISTD_H 1
| #define HAVE_DLFCN_H 1
| #define LT_OBJDIR ".libs/"
| #define LT_MODULE_EXT ".so"
| #define LT_MODULE_PATH_VAR "LD_LIBRARY_PATH"
| #define LT_DLSEARCH_PATH "/lib:/usr/lib:/usr/local/lib:/lib/x86_64-linux-gnu:/usr/lib/x86_64-linux-gnu"
| #define HAVE_LIBDL 1
| #define HAVE_DLERROR 1
| #define HAVE_LIBDLLOADER 1
| #define HAVE_ARGZ_H 1
| #define HAVE_ERROR_T 1
| #define HAVE_ARGZ_ADD 1
| #define HAVE_ARGZ_APPEND 1
| #define HAVE_ARGZ_COUNT 1
| #define HAVE_ARGZ_CREATE_SEP 1
| #define HAVE_ARGZ_INSERT 1
| #define HAVE_ARGZ_NEXT 1
| #define HAVE_ARGZ_STRINGIFY 1
| #define HAVE_WORKING_ARGZ 1
| #define HAVE_PRELOADED_SYMBOLS 1
| #define HAVE_UNISTD_H 1
| /* end confdefs.h.  */
| #include <stdio.h>
| #ifdef HAVE_SYS_TYPES_H
| # include <sys/types.h>
| #endif
| #ifdef HAVE_SYS_STAT_H
| # include <sys/stat.h>
| #endif
| #ifdef STDC_HEADERS
| # include <stdlib.h>
| # include <stddef.h>
| #else
| # ifdef HAVE_STDLIB_H
| #  include <stdlib.h>
| # endif
| #endif
| #ifdef HAVE_STRING_H
| # if !defined STDC_HEADERS && defined HAVE_MEMORY_H
| #  include <memory.h>
| # endif
| # include <string.h>
| #endif
| #ifdef HAVE_STRINGS_H
| # include <strings.h>
| #endif
| #ifdef HAVE_INTTYPES_H
| # include <inttypes.h>
| #endif
| #ifdef HAVE_STDINT_H
| # include <stdint.h>
| #endif
| #ifdef HAVE_UNISTD_H
| # include <unistd.h>
| #endif
| 
| #include <sys/dl.h>
configure:12443: result: no
configure:12443: checking for dld.h
configure:12443: gcc -c -g -O2  conftest.c >&5
conftest.c:75:17: fatal error: dld.h: No such file or directory
compilation terminated.
configure:12443: $? = 1
configure: failed program was:
| /* confdefs.h */
| #define PACKAGE_NAME "libltdl"
| #define PACKAGE_TARNAME "libltdl"
| #define PACKAGE_VERSION "2.4.2"
| #define PACKAGE_STRING "libltdl 2.4.2"
| #define PACKAGE_BUGREPORT "bug-libtool@gnu.org"
| #define PACKAGE_URL ""
| #define PACKAGE "libltdl"
| #define VERSION "2.4.2"
| #define STDC_HEADERS 1
| #define HAVE_SYS_TYPES_H 1
| #define HAVE_SYS_STAT_H 1
| #define HAVE_STDLIB_H 1
| #define HAVE_STRING_H 1
| #define HAVE_MEMORY_H 1
| #define HAVE_STRINGS_H 1
| #define HAVE_INTTYPES_H 1
| #define HAVE_STDINT_H 1
| #define HAVE_UNISTD_H 1
| #define HAVE_DLFCN_H 1
| #define LT_OBJDIR ".libs/"
| #define LT_MODULE_EXT ".so"
| #define LT_MODULE_PATH_VAR "LD_LIBRARY_PATH"
| #define LT_DLSEARCH_PATH "/lib:/usr/lib:/usr/local/lib:/lib/x86_64-linux-gnu:/usr/lib/x86_64-linux-gnu"
| #define HAVE_LIBDL 1
| #define HAVE_DLERROR 1
| #define HAVE_LIBDLLOADER 1
| #define HAVE_ARGZ_H 1
| #define HAVE_ERROR_T 1
| #define HAVE_ARGZ_ADD 1
| #define HAVE_ARGZ_APPEND 1
| #define HAVE_ARGZ_COUNT 1
| #define HAVE_ARGZ_CREATE_SEP 1
| #define HAVE_ARGZ_INSERT 1
| #define HAVE_ARGZ_NEXT 1
| #define HAVE_ARGZ_STRINGIFY 1
| #define HAVE_WORKING_ARGZ 1
| #define HAVE_PRELOADED_SYMBOLS 1
| #define HAVE_UNISTD_H 1
| /* end confdefs.h.  */
| #include <stdio.h>
| #ifdef HAVE_SYS_TYPES_H
| # include <sys/types.h>
| #endif
| #ifdef HAVE_SYS_STAT_H
| # include <sys/stat.h>
| #endif
| #ifdef STDC_HEADERS
| # include <stdlib.h>
| # include <stddef.h>
| #else
| # ifdef HAVE_STDLIB_H
| #  include <stdlib.h>
| # endif
| #endif
| #ifdef HAVE_STRING_H
| # if !defined STDC_HEADERS && defined HAVE_MEMORY_H
| #  include <memory.h>
| # endif
| # include <string.h>
| #endif
| #ifdef HAVE_STRINGS_H
| # include <strings.h>
| #endif
| #ifdef HAVE_INTTYPES_H
| # include <inttypes.h>
| #endif
| #ifdef HAVE_STDINT_H
| # include <stdint.h>
| #endif
| #ifdef HAVE_UNISTD_H
| # include <unistd.h>
| #endif
| 
| #include <dld.h>
configure:12443: result: no
configure:12443: checking for mach-o/dyld.h
configure:12443: gcc -c -g -O2  conftest.c >&5
conftest.c:75:25: fatal error: mach-o/dyld.h: No such file or directory
compilation terminated.
configure:12443: $? = 1
configure: failed program was:
| /* confdefs.h */
| #define PACKAGE_NAME "libltdl"
| #define PACKAGE_TARNAME "libltdl"
| #define PACKAGE_VERSION "2.4.2"
| #define PACKAGE_STRING "libltdl 2.4.2"
| #define PACKAGE_BUGREPORT "bug-libtool@gnu.org"
| #define PACKAGE_URL ""
| #define PACKAGE "libltdl"
| #define VERSION "2.4.2"
| #define STDC_HEADERS 1
| #define HAVE_SYS_TYPES_H 1
| #define HAVE_SYS_STAT_H 1
| #define HAVE_STDLIB_H 1
| #define HAVE_STRING_H 1
| #define HAVE_MEMORY_H 1
| #define HAVE_STRINGS_H 1
| #define HAVE_INTTYPES_H 1
| #define HAVE_STDINT_H 1
| #define HAVE_UNISTD_H 1
| #define HAVE_DLFCN_H 1
| #define LT_OBJDIR ".libs/"
| #define LT_MODULE_EXT ".so"
| #define LT_MODULE_PATH_VAR "LD_LIBRARY_PATH"
| #define LT_DLSEARCH_PATH "/lib:/usr/lib:/usr/local/lib:/lib/x86_64-linux-gnu:/usr/lib/x86_64-linux-gnu"
| #define HAVE_LIBDL 1
| #define HAVE_DLERROR 1
| #define HAVE_LIBDLLOADER 1
| #define HAVE_ARGZ_H 1
| #define HAVE_ERROR_T 1
| #define HAVE_ARGZ_ADD 1
| #define HAVE_ARGZ_APPEND 1
| #define HAVE_ARGZ_COUNT 1
| #define HAVE_ARGZ_CREATE_SEP 1
| #define HAVE_ARGZ_INSERT 1
| #define HAVE_ARGZ_NEXT 1
| #define HAVE_ARGZ_STRINGIFY 1
| #define HAVE_WORKING_ARGZ 1
| #define HAVE_PRELOADED_SYMBOLS 1
| #define HAVE_UNISTD_H 1
| /* end confdefs.h.  */
| #include <stdio.h>
| #ifdef HAVE_SYS_TYPES_H
| # include <sys/types.h>
| #endif
| #ifdef HAVE_SYS_STAT_H
| # include <sys/stat.h>
| #endif
| #ifdef STDC_HEADERS
| # include <stdlib.h>
| # include <stddef.h>
| #else
| # ifdef HAVE_STDLIB_H
| #  include <stdlib.h>
| # endif
| #endif
| #ifdef HAVE_STRING_H
| # if !defined STDC_HEADERS && defined HAVE_MEMORY_H
| #  include <memory.h>
| # endif
| # include <string.h>
| #endif
| #ifdef HAVE_STRINGS_H
| # include <strings.h>
| #endif
| #ifdef HAVE_INTTYPES_H
| # include <inttypes.h>
| #endif
| #ifdef HAVE_STDINT_H
| # include <stdint.h>
| #endif
| #ifdef HAVE_UNISTD_H
| # include <unistd.h>
| #endif
| 
| #include <mach-o/dyld.h>
configure:12443: result: no
configure:12443: checking for dirent.h
configure:12443: gcc -c -g -O2  conftest.c >&5
configure:12443: $? = 0
configure:12443: result: yes
configure:12458: checking for closedir
configure:12458: gcc -o conftest -g -O2   conftest.c -ldl  >&5
configure:12458: $? = 0
configure:12458: result: yes
configure:12458: checking for opendir
configure:12458: gcc -o conftest -g -O2   conftest.c -ldl  >&5
configure:12458: $? = 0
configure:12458: result: yes
configure:12458: checking for readdir
configure:12458: gcc -o conftest -g -O2   conftest.c -ldl  >&5
configure:12458: $? = 0
configure:12458: result: yes
configure:12477: checking for strlcat
configure:12477: gcc -o conftest -g -O2   conftest.c -ldl  >&5
/tmp/ccKDR6zn.o: In function `main':
/home/j4jackj/fuckircd/libltdl/conftest.c:79: undefined reference to `strlcat'
collect2: error: ld returned 1 exit status
configure:12477: $? = 1
configure: failed program was:
| /* confdefs.h */
| #define PACKAGE_NAME "libltdl"
| #define PACKAGE_TARNAME "libltdl"
| #define PACKAGE_VERSION "2.4.2"
| #define PACKAGE_STRING "libltdl 2.4.2"
| #define PACKAGE_BUGREPORT "bug-libtool@gnu.org"
| #define PACKAGE_URL ""
| #define PACKAGE "libltdl"
| #define VERSION "2.4.2"
| #define STDC_HEADERS 1
| #define HAVE_SYS_TYPES_H 1
| #define HAVE_SYS_STAT_H 1
| #define HAVE_STDLIB_H 1
| #define HAVE_STRING_H 1
| #define HAVE_MEMORY_H 1
| #define HAVE_STRINGS_H 1
| #define HAVE_INTTYPES_H 1
| #define HAVE_STDINT_H 1
| #define HAVE_UNISTD_H 1
| #define HAVE_DLFCN_H 1
| #define LT_OBJDIR ".libs/"
| #define LT_MODULE_EXT ".so"
| #define LT_MODULE_PATH_VAR "LD_LIBRARY_PATH"
| #define LT_DLSEARCH_PATH "/lib:/usr/lib:/usr/local/lib:/lib/x86_64-linux-gnu:/usr/lib/x86_64-linux-gnu"
| #define HAVE_LIBDL 1
| #define HAVE_DLERROR 1
| #define HAVE_LIBDLLOADER 1
| #define HAVE_ARGZ_H 1
| #define HAVE_ERROR_T 1
| #define HAVE_ARGZ_ADD 1
| #define HAVE_ARGZ_APPEND 1
| #define HAVE_ARGZ_COUNT 1
| #define HAVE_ARGZ_CREATE_SEP 1
| #define HAVE_ARGZ_INSERT 1
| #define HAVE_ARGZ_NEXT 1
| #define HAVE_ARGZ_STRINGIFY 1
| #define HAVE_WORKING_ARGZ 1
| #define HAVE_PRELOADED_SYMBOLS 1
| #define HAVE_UNISTD_H 1
| #define HAVE_DIRENT_H 1
| #define HAVE_CLOSEDIR 1
| #define HAVE_OPENDIR 1
| #define HAVE_READDIR 1
| /* end confdefs.h.  */
| /* Define strlcat to an innocuous variant, in case <limits.h> declares strlcat.
|    For example, HP-UX 11i <limits.h> declares gettimeofday.  */
| #define strlcat innocuous_strlcat
| 
| /* System header to define __stub macros and hopefully few prototypes,
|     which can conflict with char strlcat (); below.
|     Prefer <limits.h> to <assert.h> if __STDC__ is defined, since
|     <limits.h> exists even on freestanding compilers.  */
| 
| #ifdef __STDC__
| # include <limits.h>
| #else
| # include <assert.h>
| #endif
| 
| #undef strlcat
| 
| /* Override any GCC internal prototype to avoid an error.
|    Use char because int might match the return type of a GCC
|    builtin and then its argument prototype would still apply.  */
| #ifdef __cplusplus
| extern "C"
| #endif
| char strlcat ();
| /* The GNU C library defines this for functions which it implements
|     to always fail with ENOSYS.  Some functions are actually named
|     something starting with __ and the normal name is an alias.  */
| #if defined __stub_strlcat || defined __stub___strlcat
| choke me
| #endif
| 
| int
| main ()
| {
| return strlcat ();
|   ;
|   return 0;
| }
configure:12477: result: no
configure:12477: checking for strlcpy
configure:12477: gcc -o conftest -g -O2   conftest.c -ldl  >&5
/tmp/cceDx5cs.o: In function `main':
/home/j4jackj/fuckircd/libltdl/conftest.c:79: undefined reference to `strlcpy'
collect2: error: ld returned 1 exit status
configure:12477: $? = 1
configure: failed program was:
| /* confdefs.h */
| #define PACKAGE_NAME "libltdl"
| #define PACKAGE_TARNAME "libltdl"
| #define PACKAGE_VERSION "2.4.2"
| #define PACKAGE_STRING "libltdl 2.4.2"
| #define PACKAGE_BUGREPORT "bug-libtool@gnu.org"
| #define PACKAGE_URL ""
| #define PACKAGE "libltdl"
| #define VERSION "2.4.2"
| #define STDC_HEADERS 1
| #define HAVE_SYS_TYPES_H 1
| #define HAVE_SYS_STAT_H 1
| #define HAVE_STDLIB_H 1
| #define HAVE_STRING_H 1
| #define HAVE_MEMORY_H 1
| #define HAVE_STRINGS_H 1
| #define HAVE_INTTYPES_H 1
| #define HAVE_STDINT_H 1
| #define HAVE_UNISTD_H 1
| #define HAVE_DLFCN_H 1
| #define LT_OBJDIR ".libs/"
| #define LT_MODULE_EXT ".so"
| #define LT_MODULE_PATH_VAR "LD_LIBRARY_PATH"
| #define LT_DLSEARCH_PATH "/lib:/usr/lib:/usr/local/lib:/lib/x86_64-linux-gnu:/usr/lib/x86_64-linux-gnu"
| #define HAVE_LIBDL 1
| #define HAVE_DLERROR 1
| #define HAVE_LIBDLLOADER 1
| #define HAVE_ARGZ_H 1
| #define HAVE_ERROR_T 1
| #define HAVE_ARGZ_ADD 1
| #define HAVE_ARGZ_APPEND 1
| #define HAVE_ARGZ_COUNT 1
| #define HAVE_ARGZ_CREATE_SEP 1
| #define HAVE_ARGZ_INSERT 1
| #define HAVE_ARGZ_NEXT 1
| #define HAVE_ARGZ_STRINGIFY 1
| #define HAVE_WORKING_ARGZ 1
| #define HAVE_PRELOADED_SYMBOLS 1
| #define HAVE_UNISTD_H 1
| #define HAVE_DIRENT_H 1
| #define HAVE_CLOSEDIR 1
| #define HAVE_OPENDIR 1
| #define HAVE_READDIR 1
| /* end confdefs.h.  */
| /* Define strlcpy to an innocuous variant, in case <limits.h> declares strlcpy.
|    For example, HP-UX 11i <limits.h> declares gettimeofday.  */
| #define strlcpy innocuous_strlcpy
| 
| /* System header to define __stub macros and hopefully few prototypes,
|     which can conflict with char strlcpy (); below.
|     Prefer <limits.h> to <assert.h> if __STDC__ is defined, since
|     <limits.h> exists even on freestanding compilers.  */
| 
| #ifdef __STDC__
| # include <limits.h>
| #else
| # include <assert.h>
| #endif
| 
| #undef strlcpy
| 
| /* Override any GCC internal prototype to avoid an error.
|    Use char because int might match the return type of a GCC
|    builtin and then its argument prototype would still apply.  */
| #ifdef __cplusplus
| extern "C"
| #endif
| char strlcpy ();
| /* The GNU C library defines this for functions which it implements
|     to always fail with ENOSYS.  Some functions are actually named
|     something starting with __ and the normal name is an alias.  */
| #if defined __stub_strlcpy || defined __stub___strlcpy
| choke me
| #endif
| 
| int
| main ()
| {
| return strlcpy ();
|   ;
|   return 0;
| }
configure:12477: result: no
configure:12658: creating ./config.status

## ---------------------- ##
## Running config.status. ##
## ---------------------- ##

This file was extended by libltdl config.status 2.4.2, which was
generated by GNU Autoconf 2.69.  Invocation command line was

  CONFIG_FILES    = 
  CONFIG_HEADERS  = 
  CONFIG_LINKS    = 
  CONFIG_COMMANDS = 
  $ ./config.status 

on 3620networks

config.status:1116: creating Makefile
config.status:1116: creating config.h
config.status:1297: config.h is unchanged
config.status:1345: executing depfiles commands
config.status:1345: executing libtool commands

## ---------------- ##
## Cache variables. ##
## ---------------- ##

ac_cv_build=x86_64-unknown-linux-gnu
ac_cv_c_compiler_gnu=yes
ac_cv_env_CC_set=
ac_cv_env_CC_value=
ac_cv_env_CFLAGS_set=
ac_cv_env_CFLAGS_value=
ac_cv_env_CPPFLAGS_set=
ac_cv_env_CPPFLAGS_value=
ac_cv_env_CPP_set=
ac_cv_env_CPP_value=
ac_cv_env_LDFLAGS_set=
ac_cv_env_LDFLAGS_value=
ac_cv_env_LIBS_set=
ac_cv_env_LIBS_value=
ac_cv_env_build_alias_set=
ac_cv_env_build_alias_value=
ac_cv_env_host_alias_set=
ac_cv_env_host_alias_value=
ac_cv_env_target_alias_set=
ac_cv_env_target_alias_value=
ac_cv_func_argz_add=yes
ac_cv_func_argz_append=yes
ac_cv_func_argz_count=yes
ac_cv_func_argz_create_sep=yes
ac_cv_func_argz_insert=yes
ac_cv_func_argz_next=yes
ac_cv_func_argz_stringify=yes
ac_cv_func_closedir=yes
ac_cv_func_dlerror=yes
ac_cv_func_dlopen=no
ac_cv_func_opendir=yes
ac_cv_func_readdir=yes
ac_cv_func_shl_load=no
ac_cv_func_strlcat=no
ac_cv_func_strlcpy=no
ac_cv_header_argz_h=yes
ac_cv_header_dirent_h=yes
ac_cv_header_dl_h=no
ac_cv_header_dld_h=no
ac_cv_header_dlfcn_h=yes
ac_cv_header_inttypes_h=yes
ac_cv_header_mach_o_dyld_h=no
ac_cv_header_memory_h=yes
ac_cv_header_stdc=yes
ac_cv_header_stdint_h=yes
ac_cv_header_stdlib_h=yes
ac_cv_header_string_h=yes
ac_cv_header_strings_h=yes
ac_cv_header_sys_dl_h=no
ac_cv_header_sys_stat_h=yes
ac_cv_header_sys_types_h=yes
ac_cv_header_unistd_h=yes
ac_cv_host=x86_64-unknown-linux-gnu
ac_cv_lib_dl_dlopen=yes
ac_cv_lib_dld_dld_link=no
ac_cv_lib_dld_shl_load=no
ac_cv_objext=o
ac_cv_path_EGREP='/bin/grep -E'
ac_cv_path_FGREP='/bin/grep -F'
ac_cv_path_GREP=/bin/grep
ac_cv_path_SED=/bin/sed
ac_cv_path_install='/usr/bin/install -c'
ac_cv_path_mkdir=/bin/mkdir
ac_cv_prog_AWK=mawk
ac_cv_prog_CPP='gcc -E'
ac_cv_prog_ac_ct_AR=ar
ac_cv_prog_ac_ct_CC=gcc
ac_cv_prog_ac_ct_MANIFEST_TOOL=mt
ac_cv_prog_ac_ct_OBJDUMP=objdump
ac_cv_prog_ac_ct_RANLIB=ranlib
ac_cv_prog_ac_ct_STRIP=strip
ac_cv_prog_cc_c89=
ac_cv_prog_cc_g=yes
ac_cv_prog_make_make_set=yes
ac_cv_search_dlopen=-ldl
ac_cv_type_error_t=yes
am_cv_CC_dependencies_compiler_type=gcc3
libltdl_cv_lib_dl_dlopen=yes
libltdl_cv_preloaded_symbols=yes
libltdl_cv_shlibext=.so
libltdl_cv_shrext=.so
lt_cv_ar_at_file=@
lt_cv_archive_cmds_need_lc=no
lt_cv_deplibs_check_method=pass_all
lt_cv_dlopen=dlopen
lt_cv_dlopen_libs=-ldl
lt_cv_dlopen_self=yes
lt_cv_dlopen_self_static=no
lt_cv_file_magic_cmd='$MAGIC_CMD'
lt_cv_file_magic_test_file=
lt_cv_ld_reload_flag=-r
lt_cv_module_path_var=LD_LIBRARY_PATH
lt_cv_nm_interface='BSD nm'
lt_cv_objdir=.libs
lt_cv_path_LD=/usr/bin/ld
lt_cv_path_NM='/usr/bin/nm -B'
lt_cv_path_mainfest_tool=no
lt_cv_prog_compiler_c_o=yes
lt_cv_prog_compiler_pic='-fPIC -DPIC'
lt_cv_prog_compiler_pic_works=yes
lt_cv_prog_compiler_rtti_exceptions=no
lt_cv_prog_compiler_static_works=yes
lt_cv_prog_gnu_ld=yes
lt_cv_sharedlib_from_linklib_cmd='printf %s\n'
lt_cv_shlibpath_overrides_runpath=no
lt_cv_sys_argz_works=yes
lt_cv_sys_dlopen_deplibs=yes
lt_cv_sys_dlsearch_path='/lib /usr/lib /usr/local/lib /lib/x86_64-linux-gnu /usr/lib/x86_64-linux-gnu '
lt_cv_sys_global_symbol_pipe='sed -n -e '\''s/^.*[	 ]\([ABCDGIRSTW][ABCDGIRSTW]*\)[	 ][	 ]*\([_A-Za-z][_A-Za-z0-9]*\)$/\1 \2 \2/p'\'' | sed '\''/ __gnu_lto/d'\'''
lt_cv_sys_global_symbol_to_c_name_address='sed -n -e '\''s/^: \([^ ]*\)[ ]*$/  {\"\1\", (void *) 0},/p'\'' -e '\''s/^[ABCDGIRSTW]* \([^ ]*\) \([^ ]*\)$/  {"\2", (void *) \&\2},/p'\'''
lt_cv_sys_global_symbol_to_c_name_address_lib_prefix='sed -n -e '\''s/^: \([^ ]*\)[ ]*$/  {\"\1\", (void *) 0},/p'\'' -e '\''s/^[ABCDGIRSTW]* \([^ ]*\) \(lib[^ ]*\)$/  {"\2", (void *) \&\2},/p'\'' -e '\''s/^[ABCDGIRSTW]* \([^ ]*\) \([^ ]*\)$/  {"lib\2", (void *) \&\2},/p'\'''
lt_cv_sys_global_symbol_to_cdecl='sed -n -e '\''s/^T .* \(.*\)$/extern int \1();/p'\'' -e '\''s/^[ABCDGIRSTW]* .* \(.*\)$/extern char \1;/p'\'''
lt_cv_sys_max_cmd_len=1572864
lt_cv_sys_symbol_underscore=no
lt_cv_to_host_file_cmd=func_convert_file_noop
lt_cv_to_tool_file_cmd=func_convert_file_noop

## ----------------- ##
## Output variables. ##
## ----------------- ##

ACLOCAL='${SHELL} /home/j4jackj/fuckircd/libltdl/config/missing --run aclocal-1.11'
AMDEPBACKSLASH='\'
AMDEP_FALSE='#'
AMDEP_TRUE=''
AMTAR='$${TAR-tar}'
AR='ar'
ARGZ_H=''
AS='as'
AUTOCONF='${SHELL} /home/j4jackj/fuckircd/libltdl/config/missing --run autoconf'
AUTOHEADER='${SHELL} /home/j4jackj/fuckircd/libltdl/config/missing --run autoheader'
AUTOMAKE='${SHELL} /home/j4jackj/fuckircd/libltdl/config/missing --run automake-1.11'
AWK='mawk'
CC='gcc'
CCDEPMODE='depmode=gcc3'
CFLAGS='-g -O2'
CONVENIENCE_LTDL_FALSE='#'
CONVENIENCE_LTDL_TRUE=''
CPP='gcc -E'
CPPFLAGS=''
CYGPATH_W='echo'
DEFS='-DHAVE_CONFIG_H'
DEPDIR='.deps'
DLLTOOL='false'
DSYMUTIL=''
DUMPBIN=''
ECHO_C=''
ECHO_N='-n'
ECHO_T=''
EGREP='/bin/grep -E'
EXEEXT=''
FGREP='/bin/grep -F'
GREP='/bin/grep'
INSTALL_DATA='${INSTALL} -m 644'
INSTALL_LTDL_FALSE=''
INSTALL_LTDL_TRUE='#'
INSTALL_PROGRAM='${INSTALL}'
INSTALL_SCRIPT='${INSTALL}'
INSTALL_STRIP_PROGRAM='$(install_sh) -c -s'
LD='/usr/bin/ld -m elf_x86_64'
LDFLAGS=''
LIBADD_DL='-ldl '
LIBADD_DLD_LINK=''
LIBADD_DLOPEN='-ldl'
LIBADD_SHL_LOAD=''
LIBOBJS=' ${LIBOBJDIR}lt__strl$U.o'
LIBS='-ldl '
LIBTOOL='$(SHELL) $(top_builddir)/libtool'
LIPO=''
LN_S='ln -s'
LTDLOPEN='libltdl'
LTLIBOBJS=' ${LIBOBJDIR}lt__strl$U.lo'
LT_CONFIG_H='config.h'
LT_DLLOADERS=' dlopen.la'
LT_DLPREOPEN='-dlpreopen dlopen.la '
MAKEINFO='${SHELL} /home/j4jackj/fuckircd/libltdl/config/missing --run makeinfo'
MANIFEST_TOOL=':'
MKDIR_P='/bin/mkdir -p'
NM='/usr/bin/nm -B'
NMEDIT=''
OBJDUMP='objdump'
OBJEXT='o'
OTOOL64=''
OTOOL=''
PACKAGE='libltdl'
PACKAGE_BUGREPORT='bug-libtool@gnu.org'
PACKAGE_NAME='libltdl'
PACKAGE_STRING='libltdl 2.4.2'
PACKAGE_TARNAME='libltdl'
PACKAGE_URL=''
PACKAGE_VERSION='2.4.2'
PATH_SEPARATOR=':'
RANLIB='ranlib'
SED='/bin/sed'
SET_MAKE=''
SHELL='/bin/bash'
STRIP='strip'
VERSION='2.4.2'
ac_ct_AR='ar'
ac_ct_CC='gcc'
ac_ct_DUMPBIN=''
am__EXEEXT_FALSE=''
am__EXEEXT_TRUE='#'
am__fastdepCC_FALSE='#'
am__fastdepCC_TRUE=''
am__include='include'
am__isrc=''
am__leading_dot='.'
am__nodep='_no'
am__quote=''
am__tar='$${TAR-tar} chof - "$$tardir"'
am__untar='$${TAR-tar} xf -'
bindir='${exec_prefix}/bin'
build='x86_64-unknown-linux-gnu'
build_alias=''
build_cpu='x86_64'
build_os='linux-gnu'
build_vendor='unknown'
datadir='${datarootdir}'
datarootdir='${prefix}/share'
docdir='${datarootdir}/doc/${PACKAGE_TARNAME}'
dvidir='${docdir}'
exec_prefix='${prefix}'
host='x86_64-unknown-linux-gnu'
host_alias=''
host_cpu='x86_64'
host_os='linux-gnu'
host_vendor='unknown'
htmldir='${docdir}'
includedir='${prefix}/include'
infodir='${datarootdir}/info'
install_sh='${SHELL} /home/j4jackj/fuckircd/libltdl/config/install-sh'
libdir='${exec_prefix}/lib'
libexecdir='${exec_prefix}/libexec'
localedir='${datarootdir}/locale'
localstatedir='${prefix}/var'
mandir='${datarootdir}/man'
mkdir_p='/bin/mkdir -p'
oldincludedir='/usr/include'
pdfdir='${docdir}'
prefix='/home/j4jackj/ircd'
program_transform_name='s,x,x,'
psdir='${docdir}'
sbindir='${exec_prefix}/sbin'
sharedstatedir='${prefix}/com'
sys_symbol_underscore='no'
sysconfdir='${prefix}/etc'
target_alias=''

## ----------- ##
## confdefs.h. ##
## ----------- ##

/* confdefs.h */
#define PACKAGE_NAME "libltdl"
#define PACKAGE_TARNAME "libltdl"
#define PACKAGE_VERSION "2.4.2"
#define PACKAGE_STRING "libltdl 2.4.2"
#define PACKAGE_BUGREPORT "bug-libtool@gnu.org"
#define PACKAGE_URL ""
#define PACKAGE "libltdl"
#define VERSION "2.4.2"
#define STDC_HEADERS 1
#define HAVE_SYS_TYPES_H 1
#define HAVE_SYS_STAT_H 1
#define HAVE_STDLIB_H 1
#define HAVE_STRING_H 1
#define HAVE_MEMORY_H 1
#define HAVE_STRINGS_H 1
#define HAVE_INTTYPES_H 1
#define HAVE_STDINT_H 1
#define HAVE_UNISTD_H 1
#define HAVE_DLFCN_H 1
#define LT_OBJDIR ".libs/"
#define LT_MODULE_EXT ".so"
#define LT_MODULE_PATH_VAR "LD_LIBRARY_PATH"
#define LT_DLSEARCH_PATH "/lib:/usr/lib:/usr/local/lib:/lib/x86_64-linux-gnu:/usr/lib/x86_64-linux-gnu"
#define HAVE_LIBDL 1
#define HAVE_DLERROR 1
#define HAVE_LIBDLLOADER 1
#define HAVE_ARGZ_H 1
#define HAVE_ERROR_T 1
#define HAVE_ARGZ_ADD 1
#define HAVE_ARGZ_APPEND 1
#define HAVE_ARGZ_COUNT 1
#define HAVE_ARGZ_CREATE_SEP 1
#define HAVE_ARGZ_INSERT 1
#define HAVE_ARGZ_NEXT 1
#define HAVE_ARGZ_STRINGIFY 1
#define HAVE_WORKING_ARGZ 1
#define HAVE_PRELOADED_SYMBOLS 1
#define HAVE_UNISTD_H 1
#define HAVE_DIRENT_H 1
#define HAVE_CLOSEDIR 1
#define HAVE_OPENDIR 1
#define HAVE_READDIR 1
#define LT_LIBEXT "a"
#define LT_LIBPREFIX "lib"

configure: exit 0

## ---------------------- ##
## Running config.status. ##
## ---------------------- ##

This file was extended by libltdl config.status 2.4.2, which was
generated by GNU Autoconf 2.69.  Invocation command line was

  CONFIG_FILES    = 
  CONFIG_HEADERS  = 
  CONFIG_LINKS    = 
  CONFIG_COMMANDS = 
  $ ./config.status config.h

on 3620networks

config.status:1116: creating config.h
config.status:1297: config.h is unchanged
