This file contains any messages produced by compilers while
running configure, to aid debugging if configure makes a mistake.

It was created by libltdl configure 2.4, which was
generated by GNU Autoconf 2.69.  Invocation command line was

  $ ./configure 

## --------- ##
## Platform. ##
## --------- ##

hostname = 3620networks
uname -m = x86_64
uname -r = 3.2.0-4-amd64
uname -s = Linux
uname -v = #1 SMP Debian 3.2.51-1

/usr/bin/uname -p = unknown
/bin/uname -X     = unknown

/bin/arch              = unknown
/usr/bin/arch -k       = unknown
/usr/convex/getsysinfo = unknown
/usr/bin/hostinfo      = unknown
/bin/machine           = unknown
/usr/bin/oslevel       = unknown
/bin/universe          = unknown

PATH: /usr/local/bin
PATH: /usr/bin
PATH: /bin
PATH: /usr/local/games
PATH: /usr/games


## ----------- ##
## Core tests. ##
## ----------- ##

configure:2162: checking for a BSD-compatible install
configure:2230: result: /usr/bin/install -c
configure:2241: checking whether build environment is sane
configure:2291: result: yes
configure:2432: checking for a thread-safe mkdir -p
configure:2471: result: /bin/mkdir -p
configure:2484: checking for gawk
configure:2514: result: no
configure:2484: checking for mawk
configure:2500: found /usr/bin/mawk
configure:2511: result: mawk
configure:2522: checking whether make sets $(MAKE)
configure:2544: result: yes
configure:2664: checking build system type
configure:2678: result: x86_64-unknown-linux-gnu
configure:2698: checking host system type
configure:2711: result: x86_64-unknown-linux-gnu
configure:2752: checking how to print strings
configure:2779: result: printf
configure:2812: checking for style of include used by make
configure:2840: result: GNU
configure:2911: checking for gcc
configure:2927: found /usr/bin/gcc
configure:2938: result: gcc
configure:3167: checking for C compiler version
configure:3176: gcc --version >&5
gcc (Debian 4.7.2-5) 4.7.2
Copyright (C) 2012 Free Software Foundation, Inc.
This is free software; see the source for copying conditions.  There is NO
warranty; not even for MERCHANTABILITY or FITNESS FOR A PARTICULAR PURPOSE.

configure:3187: $? = 0
configure:3176: gcc -v >&5
Using built-in specs.
COLLECT_GCC=gcc
COLLECT_LTO_WRAPPER=/usr/lib/gcc/x86_64-linux-gnu/4.7/lto-wrapper
Target: x86_64-linux-gnu
Configured with: ../src/configure -v --with-pkgversion='Debian 4.7.2-5' --with-bugurl=file:///usr/share/doc/gcc-4.7/README.Bugs --enable-languages=c,c++,go,fortran,objc,obj-c++ --prefix=/usr --program-suffix=-4.7 --enable-shared --enable-linker-build-id --with-system-zlib --libexecdir=/usr/lib --without-included-gettext --enable-threads=posix --with-gxx-include-dir=/usr/include/c++/4.7 --libdir=/usr/lib --enable-nls --with-sysroot=/ --enable-clocale=gnu --enable-libstdcxx-debug --enable-libstdcxx-time=yes --enable-gnu-unique-object --enable-plugin --enable-objc-gc --with-arch-32=i586 --with-tune=generic --enable-checking=release --build=x86_64-linux-gnu --host=x86_64-linux-gnu --target=x86_64-linux-gnu
Thread model: posix
gcc version 4.7.2 (Debian 4.7.2-5) 
configure:3187: $? = 0
configure:3176: gcc -V >&5
gcc: error: unrecognized command line option '-V'
gcc: fatal error: no input files
compilation terminated.
configure:3187: $? = 4
configure:3176: gcc -qversion >&5
gcc: error: unrecognized command line option '-qversion'
gcc: fatal error: no input files
compilation terminated.
configure:3187: $? = 4
configure:3207: checking whether the C compiler works
configure:3229: gcc    conftest.c  >&5
configure:3233: $? = 0
configure:3281: result: yes
configure:3284: checking for C compiler default output file name
configure:3286: result: a.out
configure:3292: checking for suffix of executables
configure:3299: gcc -o conftest    conftest.c  >&5
configure:3303: $? = 0
configure:3325: result: 
configure:3347: checking whether we are cross compiling
configure:3355: gcc -o conftest    conftest.c  >&5
configure:3359: $? = 0
configure:3366: ./conftest
configure:3370: $? = 0
configure:3385: result: no
configure:3390: checking for suffix of object files
configure:3412: gcc -c   conftest.c >&5
configure:3416: $? = 0
configure:3437: result: o
configure:3441: checking whether we are using the GNU C compiler
configure:3460: gcc -c   conftest.c >&5
configure:3460: $? = 0
configure:3469: result: yes
configure:3478: checking whether gcc accepts -g
configure:3498: gcc -c -g  conftest.c >&5
configure:3498: $? = 0
configure:3539: result: yes
configure:3556: checking for gcc option to accept ISO C89
configure:3619: gcc  -c -g -O2  conftest.c >&5
configure:3619: $? = 0
configure:3632: result: none needed
configure:3654: checking dependency style of gcc
configure:3765: result: gcc3
configure:3780: checking for a sed that does not truncate output
configure:3844: result: /bin/sed
configure:3862: checking for grep that handles long lines and -e
configure:3920: result: /bin/grep
configure:3925: checking for egrep
configure:3987: result: /bin/grep -E
configure:3992: checking for fgrep
configure:4054: result: /bin/grep -F
configure:4089: checking for ld used by gcc
configure:4156: result: /usr/bin/ld
configure:4163: checking if the linker (/usr/bin/ld) is GNU ld
configure:4178: result: yes
configure:4190: checking for BSD- or MS-compatible name lister (nm)
configure:4239: result: /usr/bin/nm -B
configure:4369: checking the name lister (/usr/bin/nm -B) interface
configure:4376: gcc -c -g -O2  conftest.c >&5
configure:4379: /usr/bin/nm -B "conftest.o"
configure:4382: output
0000000000000000 B some_variable
configure:4389: result: BSD nm
configure:4392: checking whether ln -s works
configure:4396: result: yes
configure:4404: checking the maximum length of command line arguments
configure:4529: result: 1572864
configure:4546: checking whether the shell understands some XSI constructs
configure:4556: result: yes
configure:4560: checking whether the shell understands "+="
configure:4566: result: yes
configure:4601: checking how to convert x86_64-unknown-linux-gnu file names to x86_64-unknown-linux-gnu format
configure:4641: result: func_convert_file_noop
configure:4648: checking how to convert x86_64-unknown-linux-gnu file names to toolchain format
configure:4668: result: func_convert_file_noop
configure:4675: checking for /usr/bin/ld option to reload object files
configure:4682: result: -r
configure:4756: checking for objdump
configure:4772: found /usr/bin/objdump
configure:4783: result: objdump
configure:4812: checking how to recognize dependent libraries
configure:5014: result: pass_all
configure:5099: checking for dlltool
configure:5129: result: no
configure:5156: checking how to associate runtime and link libraries
configure:5183: result: printf %s\n
configure:5244: checking for ar
configure:5260: found /usr/bin/ar
configure:5271: result: ar
configure:5308: checking for archiver @FILE support
configure:5325: gcc -c -g -O2  conftest.c >&5
configure:5325: $? = 0
configure:5328: ar cru libconftest.a @conftest.lst >&5
configure:5331: $? = 0
configure:5336: ar cru libconftest.a @conftest.lst >&5
ar: conftest.o: No such file or directory
configure:5339: $? = 1
configure:5351: result: @
configure:5409: checking for strip
configure:5425: found /usr/bin/strip
configure:5436: result: strip
configure:5508: checking for ranlib
configure:5524: found /usr/bin/ranlib
configure:5535: result: ranlib
configure:5637: checking command to parse /usr/bin/nm -B output from gcc object
configure:5756: gcc -c -g -O2  conftest.c >&5
configure:5759: $? = 0
configure:5763: /usr/bin/nm -B conftest.o \| sed -n -e 's/^.*[ ]\([ABCDGIRSTW][ABCDGIRSTW]*\)[ ][ ]*\([_A-Za-z][_A-Za-z0-9]*\)$/\1 \2 \2/p' | sed '/ __gnu_lto/d' \> conftest.nm
configure:5766: $? = 0
configure:5832: gcc -o conftest -g -O2   conftest.c conftstm.o >&5
configure:5835: $? = 0
configure:5873: result: ok
configure:5910: checking for sysroot
configure:5940: result: no
configure:6017: gcc -c -g -O2  conftest.c >&5
configure:6020: $? = 0
configure:6183: checking for mt
configure:6199: found /bin/mt
configure:6210: result: mt
configure:6233: checking if mt is a manifest tool
configure:6239: mt '-?'
configure:6247: result: no
configure:6879: checking how to run the C preprocessor
configure:6910: gcc -E  conftest.c
configure:6910: $? = 0
configure:6924: gcc -E  conftest.c
conftest.c:11:28: fatal error: ac_nonexistent.h: No such file or directory
compilation terminated.
configure:6924: $? = 1
configure: failed program was:
| /* confdefs.h */
| #define PACKAGE_NAME "libltdl"
| #define PACKAGE_TARNAME "libltdl"
| #define PACKAGE_VERSION "2.4"
| #define PACKAGE_STRING "libltdl 2.4"
| #define PACKAGE_BUGREPORT "bug-libtool@gnu.org"
| #define PACKAGE_URL ""
| #define PACKAGE "libltdl"
| #define VERSION "2.4"
| /* end confdefs.h.  */
| #include <ac_nonexistent.h>
configure:6949: result: gcc -E
configure:6969: gcc -E  conftest.c
configure:6969: $? = 0
configure:6983: gcc -E  conftest.c
conftest.c:11:28: fatal error: ac_nonexistent.h: No such file or directory
compilation terminated.
configure:6983: $? = 1
configure: failed program was:
| /* confdefs.h */
| #define PACKAGE_NAME "libltdl"
| #define PACKAGE_TARNAME "libltdl"
| #define PACKAGE_VERSION "2.4"
| #define PACKAGE_STRING "libltdl 2.4"
| #define PACKAGE_BUGREPORT "bug-libtool@gnu.org"
| #define PACKAGE_URL ""
| #define PACKAGE "libltdl"
| #define VERSION "2.4"
| /* end confdefs.h.  */
| #include <ac_nonexistent.h>
configure:7012: checking for ANSI C header files
configure:7032: gcc -c -g -O2  conftest.c >&5
configure:7032: $? = 0
configure:7105: gcc -o conftest -g -O2   conftest.c  >&5
configure:7105: $? = 0
configure:7105: ./conftest
configure:7105: $? = 0
configure:7116: result: yes
configure:7129: checking for sys/types.h
configure:7129: gcc -c -g -O2  conftest.c >&5
configure:7129: $? = 0
configure:7129: result: yes
configure:7129: checking for sys/stat.h
configure:7129: gcc -c -g -O2  conftest.c >&5
configure:7129: $? = 0
configure:7129: result: yes
configure:7129: checking for stdlib.h
configure:7129: gcc -c -g -O2  conftest.c >&5
configure:7129: $? = 0
configure:7129: result: yes
configure:7129: checking for string.h
configure:7129: gcc -c -g -O2  conftest.c >&5
configure:7129: $? = 0
configure:7129: result: yes
configure:7129: checking for memory.h
configure:7129: gcc -c -g -O2  conftest.c >&5
configure:7129: $? = 0
configure:7129: result: yes
configure:7129: checking for strings.h
configure:7129: gcc -c -g -O2  conftest.c >&5
configure:7129: $? = 0
configure:7129: result: yes
configure:7129: checking for inttypes.h
configure:7129: gcc -c -g -O2  conftest.c >&5
configure:7129: $? = 0
configure:7129: result: yes
configure:7129: checking for stdint.h
configure:7129: gcc -c -g -O2  conftest.c >&5
configure:7129: $? = 0
configure:7129: result: yes
configure:7129: checking for unistd.h
configure:7129: gcc -c -g -O2  conftest.c >&5
configure:7129: $? = 0
configure:7129: result: yes
configure:7143: checking for dlfcn.h
configure:7143: gcc -c -g -O2  conftest.c >&5
configure:7143: $? = 0
configure:7143: result: yes
configure:7627: checking for objdir
configure:7642: result: .libs
configure:7913: checking if gcc supports -fno-rtti -fno-exceptions
configure:7931: gcc -c -g -O2  -fno-rtti -fno-exceptions conftest.c >&5
cc1: warning: command line option '-fno-rtti' is valid for C++/ObjC++ but not for C [enabled by default]
configure:7935: $? = 0
configure:7948: result: no
configure:8258: checking for gcc option to produce PIC
configure:8265: result: -fPIC -DPIC
configure:8273: checking if gcc PIC flag -fPIC -DPIC works
configure:8291: gcc -c -g -O2  -fPIC -DPIC -DPIC conftest.c >&5
configure:8295: $? = 0
configure:8308: result: yes
configure:8337: checking if gcc static flag -static works
configure:8365: result: yes
configure:8380: checking if gcc supports -c -o file.o
configure:8401: gcc -c -g -O2  -o out/conftest2.o conftest.c >&5
configure:8405: $? = 0
configure:8427: result: yes
configure:8435: checking if gcc supports -c -o file.o
configure:8482: result: yes
configure:8515: checking whether the gcc linker (/usr/bin/ld -m elf_x86_64) supports shared libraries
configure:9673: result: yes
configure:9710: checking whether -lc should be explicitly linked in
configure:9718: gcc -c -g -O2  conftest.c >&5
configure:9721: $? = 0
configure:9736: gcc -shared  -fPIC -DPIC conftest.o  -v -Wl,-soname -Wl,conftest -o conftest 2\>\&1 \| /bin/grep  -lc  \>/dev/null 2\>\&1
configure:9739: $? = 0
configure:9753: result: no
configure:9918: checking dynamic linker characteristics
configure:10432: gcc -o conftest -g -O2   -Wl,-rpath -Wl,/foo conftest.c  >&5
configure:10432: $? = 0
configure:10654: result: GNU/Linux ld.so
configure:10761: checking how to hardcode library paths into programs
configure:10786: result: immediate
configure:10880: checking for shl_load
configure:10880: gcc -o conftest -g -O2   conftest.c  >&5
/tmp/ccLgOuM8.o: In function `main':
/home/j4jackj/sporksircd/libltdl/conftest.c:57: undefined reference to `shl_load'
collect2: error: ld returned 1 exit status
configure:10880: $? = 1
configure: failed program was:
| /* confdefs.h */
| #define PACKAGE_NAME "libltdl"
| #define PACKAGE_TARNAME "libltdl"
| #define PACKAGE_VERSION "2.4"
| #define PACKAGE_STRING "libltdl 2.4"
| #define PACKAGE_BUGREPORT "bug-libtool@gnu.org"
| #define PACKAGE_URL ""
| #define PACKAGE "libltdl"
| #define VERSION "2.4"
| #define STDC_HEADERS 1
| #define HAVE_SYS_TYPES_H 1
| #define HAVE_SYS_STAT_H 1
| #define HAVE_STDLIB_H 1
| #define HAVE_STRING_H 1
| #define HAVE_MEMORY_H 1
| #define HAVE_STRINGS_H 1
| #define HAVE_INTTYPES_H 1
| #define HAVE_STDINT_H 1
| #define HAVE_UNISTD_H 1
| #define HAVE_DLFCN_H 1
| #define LT_OBJDIR ".libs/"
| /* end confdefs.h.  */
| /* Define shl_load to an innocuous variant, in case <limits.h> declares shl_load.
|    For example, HP-UX 11i <limits.h> declares gettimeofday.  */
| #define shl_load innocuous_shl_load
| 
| /* System header to define __stub macros and hopefully few prototypes,
|     which can conflict with char shl_load (); below.
|     Prefer <limits.h> to <assert.h> if __STDC__ is defined, since
|     <limits.h> exists even on freestanding compilers.  */
| 
| #ifdef __STDC__
| # include <limits.h>
| #else
| # include <assert.h>
| #endif
| 
| #undef shl_load
| 
| /* Override any GCC internal prototype to avoid an error.
|    Use char because int might match the return type of a GCC
|    builtin and then its argument prototype would still apply.  */
| #ifdef __cplusplus
| extern "C"
| #endif
| char shl_load ();
| /* The GNU C library defines this for functions which it implements
|     to always fail with ENOSYS.  Some functions are actually named
|     something starting with __ and the normal name is an alias.  */
| #if defined __stub_shl_load || defined __stub___shl_load
| choke me
| #endif
| 
| int
| main ()
| {
| return shl_load ();
|   ;
|   return 0;
| }
configure:10880: result: no
configure:10884: checking for shl_load in -ldld
configure:10909: gcc -o conftest -g -O2   conftest.c -ldld   >&5
/usr/bin/ld: cannot find -ldld
collect2: error: ld returned 1 exit status
configure:10909: $? = 1
configure: failed program was:
| /* confdefs.h */
| #define PACKAGE_NAME "libltdl"
| #define PACKAGE_TARNAME "libltdl"
| #define PACKAGE_VERSION "2.4"
| #define PACKAGE_STRING "libltdl 2.4"
| #define PACKAGE_BUGREPORT "bug-libtool@gnu.org"
| #define PACKAGE_URL ""
| #define PACKAGE "libltdl"
| #define VERSION "2.4"
| #define STDC_HEADERS 1
| #define HAVE_SYS_TYPES_H 1
| #define HAVE_SYS_STAT_H 1
| #define HAVE_STDLIB_H 1
| #define HAVE_STRING_H 1
| #define HAVE_MEMORY_H 1
| #define HAVE_STRINGS_H 1
| #define HAVE_INTTYPES_H 1
| #define HAVE_STDINT_H 1
| #define HAVE_UNISTD_H 1
| #define HAVE_DLFCN_H 1
| #define LT_OBJDIR ".libs/"
| /* end confdefs.h.  */
| 
| /* Override any GCC internal prototype to avoid an error.
|    Use char because int might match the return type of a GCC
|    builtin and then its argument prototype would still apply.  */
| #ifdef __cplusplus
| extern "C"
| #endif
| char shl_load ();
| int
| main ()
| {
| return shl_load ();
|   ;
|   return 0;
| }
configure:10918: result: no
configure:10923: checking for dlopen
configure:10923: gcc -o conftest -g -O2   conftest.c  >&5
/tmp/ccjjGbJj.o: In function `main':
/home/j4jackj/sporksircd/libltdl/conftest.c:57: undefined reference to `dlopen'
collect2: error: ld returned 1 exit status
configure:10923: $? = 1
configure: failed program was:
| /* confdefs.h */
| #define PACKAGE_NAME "libltdl"
| #define PACKAGE_TARNAME "libltdl"
| #define PACKAGE_VERSION "2.4"
| #define PACKAGE_STRING "libltdl 2.4"
| #define PACKAGE_BUGREPORT "bug-libtool@gnu.org"
| #define PACKAGE_URL ""
| #define PACKAGE "libltdl"
| #define VERSION "2.4"
| #define STDC_HEADERS 1
| #define HAVE_SYS_TYPES_H 1
| #define HAVE_SYS_STAT_H 1
| #define HAVE_STDLIB_H 1
| #define HAVE_STRING_H 1
| #define HAVE_MEMORY_H 1
| #define HAVE_STRINGS_H 1
| #define HAVE_INTTYPES_H 1
| #define HAVE_STDINT_H 1
| #define HAVE_UNISTD_H 1
| #define HAVE_DLFCN_H 1
| #define LT_OBJDIR ".libs/"
| /* end confdefs.h.  */
| /* Define dlopen to an innocuous variant, in case <limits.h> declares dlopen.
|    For example, HP-UX 11i <limits.h> declares gettimeofday.  */
| #define dlopen innocuous_dlopen
| 
| /* System header to define __stub macros and hopefully few prototypes,
|     which can conflict with char dlopen (); below.
|     Prefer <limits.h> to <assert.h> if __STDC__ is defined, since
|     <limits.h> exists even on freestanding compilers.  */
| 
| #ifdef __STDC__
| # include <limits.h>
| #else
| # include <assert.h>
| #endif
| 
| #undef dlopen
| 
| /* Override any GCC internal prototype to avoid an error.
|    Use char because int might match the return type of a GCC
|    builtin and then its argument prototype would still apply.  */
| #ifdef __cplusplus
| extern "C"
| #endif
| char dlopen ();
| /* The GNU C library defines this for functions which it implements
|     to always fail with ENOSYS.  Some functions are actually named
|     something starting with __ and the normal name is an alias.  */
| #if defined __stub_dlopen || defined __stub___dlopen
| choke me
| #endif
| 
| int
| main ()
| {
| return dlopen ();
|   ;
|   return 0;
| }
configure:10923: result: no
configure:10927: checking for dlopen in -ldl
configure:10952: gcc -o conftest -g -O2   conftest.c -ldl   >&5
configure:10952: $? = 0
configure:10961: result: yes
configure:11080: checking whether a program can dlopen itself
configure:11160: gcc -o conftest -g -O2  -DHAVE_DLFCN_H  -Wl,--export-dynamic conftest.c -ldl  >&5
configure:11163: $? = 0
configure:11181: result: yes
configure:11186: checking whether a statically linked program can dlopen itself
configure:11266: gcc -o conftest -g -O2  -DHAVE_DLFCN_H  -Wl,--export-dynamic -static conftest.c -ldl  >&5
/tmp/cc3dF50w.o: In function `main':
/home/j4jackj/sporksircd/libltdl/configure:11245: warning: Using 'dlopen' in statically linked applications requires at runtime the shared libraries from the glibc version used for linking
/usr/bin/ld: dynamic STT_GNU_IFUNC symbol `strcmp' with pointer equality in `/usr/lib/gcc/x86_64-linux-gnu/4.7/../../../x86_64-linux-gnu/libc.a(strcmp.o)' can not be used when making an executable; recompile with -fPIE and relink with -pie
collect2: error: ld returned 1 exit status
configure:11269: $? = 1
configure:11287: result: no
configure:11326: checking whether stripping libraries is possible
configure:11331: result: yes
configure:11366: checking if libtool supports shared libraries
configure:11368: result: yes
configure:11371: checking whether to build shared libraries
configure:11392: result: yes
configure:11395: checking whether to build static libraries
configure:11399: result: yes
configure:11572: creating ./config.status

## ---------------------- ##
## Running config.status. ##
## ---------------------- ##

This file was extended by libltdl config.status 2.4, which was
generated by GNU Autoconf 2.69.  Invocation command line was

  CONFIG_FILES    = 
  CONFIG_HEADERS  = 
  CONFIG_LINKS    = 
  CONFIG_COMMANDS = 
  $ ./config.status 

on 3620networks

config.status:1078: creating Makefile
config.status:1078: creating config.h
config.status:1307: executing depfiles commands
config.status:1307: executing libtool commands

## ---------------- ##
## Cache variables. ##
## ---------------- ##

ac_cv_build=x86_64-unknown-linux-gnu
ac_cv_c_compiler_gnu=yes
ac_cv_env_CC_set=
ac_cv_env_CC_value=
ac_cv_env_CFLAGS_set=
ac_cv_env_CFLAGS_value=
ac_cv_env_CPPFLAGS_set=
ac_cv_env_CPPFLAGS_value=
ac_cv_env_CPP_set=
ac_cv_env_CPP_value=
ac_cv_env_LDFLAGS_set=
ac_cv_env_LDFLAGS_value=
ac_cv_env_LIBS_set=
ac_cv_env_LIBS_value=
ac_cv_env_build_alias_set=
ac_cv_env_build_alias_value=
ac_cv_env_host_alias_set=
ac_cv_env_host_alias_value=
ac_cv_env_target_alias_set=
ac_cv_env_target_alias_value=
ac_cv_func_dlopen=no
ac_cv_func_shl_load=no
ac_cv_header_dlfcn_h=yes
ac_cv_header_inttypes_h=yes
ac_cv_header_memory_h=yes
ac_cv_header_stdc=yes
ac_cv_header_stdint_h=yes
ac_cv_header_stdlib_h=yes
ac_cv_header_string_h=yes
ac_cv_header_strings_h=yes
ac_cv_header_sys_stat_h=yes
ac_cv_header_sys_types_h=yes
ac_cv_header_unistd_h=yes
ac_cv_host=x86_64-unknown-linux-gnu
ac_cv_lib_dl_dlopen=yes
ac_cv_lib_dld_shl_load=no
ac_cv_objext=o
ac_cv_path_EGREP='/bin/grep -E'
ac_cv_path_FGREP='/bin/grep -F'
ac_cv_path_GREP=/bin/grep
ac_cv_path_SED=/bin/sed
ac_cv_path_install='/usr/bin/install -c'
ac_cv_path_mkdir=/bin/mkdir
ac_cv_prog_AWK=mawk
ac_cv_prog_CPP='gcc -E'
ac_cv_prog_ac_ct_AR=ar
ac_cv_prog_ac_ct_CC=gcc
ac_cv_prog_ac_ct_MANIFEST_TOOL=mt
ac_cv_prog_ac_ct_OBJDUMP=objdump
ac_cv_prog_ac_ct_RANLIB=ranlib
ac_cv_prog_ac_ct_STRIP=strip
ac_cv_prog_cc_c89=
ac_cv_prog_cc_g=yes
ac_cv_prog_make_make_set=yes
am_cv_CC_dependencies_compiler_type=gcc3
lt_cv_ar_at_file=@
lt_cv_archive_cmds_need_lc=no
lt_cv_deplibs_check_method=pass_all
lt_cv_dlopen=dlopen
lt_cv_dlopen_libs=-ldl
lt_cv_dlopen_self=yes
lt_cv_dlopen_self_static=no
lt_cv_file_magic_cmd='$MAGIC_CMD'
lt_cv_file_magic_test_file=
lt_cv_ld_reload_flag=-r
lt_cv_nm_interface='BSD nm'
lt_cv_objdir=.libs
lt_cv_path_LD=/usr/bin/ld
lt_cv_path_NM='/usr/bin/nm -B'
lt_cv_path_mainfest_tool=no
lt_cv_prog_compiler_c_o=yes
lt_cv_prog_compiler_pic='-fPIC -DPIC'
lt_cv_prog_compiler_pic_works=yes
lt_cv_prog_compiler_rtti_exceptions=no
lt_cv_prog_compiler_static_works=yes
lt_cv_prog_gnu_ld=yes
lt_cv_sharedlib_from_linklib_cmd='printf %s\n'
lt_cv_shlibpath_overrides_runpath=no
lt_cv_sys_global_symbol_pipe='sed -n -e '\''s/^.*[	 ]\([ABCDGIRSTW][ABCDGIRSTW]*\)[	 ][	 ]*\([_A-Za-z][_A-Za-z0-9]*\)$/\1 \2 \2/p'\'' | sed '\''/ __gnu_lto/d'\'''
lt_cv_sys_global_symbol_to_c_name_address='sed -n -e '\''s/^: \([^ ]*\)[ ]*$/  {\"\1\", (void *) 0},/p'\'' -e '\''s/^[ABCDGIRSTW]* \([^ ]*\) \([^ ]*\)$/  {"\2", (void *) \&\2},/p'\'''
lt_cv_sys_global_symbol_to_c_name_address_lib_prefix='sed -n -e '\''s/^: \([^ ]*\)[ ]*$/  {\"\1\", (void *) 0},/p'\'' -e '\''s/^[ABCDGIRSTW]* \([^ ]*\) \(lib[^ ]*\)$/  {"\2", (void *) \&\2},/p'\'' -e '\''s/^[ABCDGIRSTW]* \([^ ]*\) \([^ ]*\)$/  {"lib\2", (void *) \&\2},/p'\'''
lt_cv_sys_global_symbol_to_cdecl='sed -n -e '\''s/^T .* \(.*\)$/extern int \1();/p'\'' -e '\''s/^[ABCDGIRSTW]* .* \(.*\)$/extern char \1;/p'\'''
lt_cv_sys_max_cmd_len=1572864
lt_cv_to_host_file_cmd=func_convert_file_noop
lt_cv_to_tool_file_cmd=func_convert_file_noop

## ----------------- ##
## Output variables. ##
## ----------------- ##

ACLOCAL='${SHELL} /home/j4jackj/sporksircd/libltdl/config/missing --run aclocal-1.11'
AMDEPBACKSLASH='\'
AMDEP_FALSE='#'
AMDEP_TRUE=''
AMTAR='$${TAR-tar}'
AR='ar'
AS='as'
AUTOCONF='${SHELL} /home/j4jackj/sporksircd/libltdl/config/missing --run autoconf'
AUTOHEADER='${SHELL} /home/j4jackj/sporksircd/libltdl/config/missing --run autoheader'
AUTOMAKE='${SHELL} /home/j4jackj/sporksircd/libltdl/config/missing --run automake-1.11'
AWK='mawk'
CC='gcc'
CCDEPMODE='depmode=gcc3'
CFLAGS='-g -O2'
CPP='gcc -E'
CPPFLAGS=''
CYGPATH_W='echo'
DEFS='-DHAVE_CONFIG_H'
DEPDIR='.deps'
DLLTOOL='false'
DSYMUTIL=''
DUMPBIN=''
ECHO_C=''
ECHO_N='-n'
ECHO_T=''
EGREP='/bin/grep -E'
EXEEXT=''
FGREP='/bin/grep -F'
GREP='/bin/grep'
INSTALL_DATA='${INSTALL} -m 644'
INSTALL_PROGRAM='${INSTALL}'
INSTALL_SCRIPT='${INSTALL}'
INSTALL_STRIP_PROGRAM='$(install_sh) -c -s'
LD='/usr/bin/ld -m elf_x86_64'
LDFLAGS=''
LIBOBJS=''
LIBS=''
LIBTOOL='$(SHELL) $(top_builddir)/libtool'
LIPO=''
LN_S='ln -s'
LTLIBOBJS=''
MAKEINFO='${SHELL} /home/j4jackj/sporksircd/libltdl/config/missing --run makeinfo'
MANIFEST_TOOL=':'
MKDIR_P='/bin/mkdir -p'
NM='/usr/bin/nm -B'
NMEDIT=''
OBJDUMP='objdump'
OBJEXT='o'
OTOOL64=''
OTOOL=''
PACKAGE='libltdl'
PACKAGE_BUGREPORT='bug-libtool@gnu.org'
PACKAGE_NAME='libltdl'
PACKAGE_STRING='libltdl 2.4'
PACKAGE_TARNAME='libltdl'
PACKAGE_URL=''
PACKAGE_VERSION='2.4'
PATH_SEPARATOR=':'
RANLIB='ranlib'
SED='/bin/sed'
SET_MAKE=''
SHELL='/bin/bash'
STRIP='strip'
VERSION='2.4'
ac_ct_AR='ar'
ac_ct_CC='gcc'
ac_ct_DUMPBIN=''
am__EXEEXT_FALSE=''
am__EXEEXT_TRUE='#'
am__fastdepCC_FALSE='#'
am__fastdepCC_TRUE=''
am__include='include'
am__isrc=''
am__leading_dot='.'
am__nodep='_no'
am__quote=''
am__tar='$${TAR-tar} chof - "$$tardir"'
am__untar='$${TAR-tar} xf -'
bindir='${exec_prefix}/bin'
build='x86_64-unknown-linux-gnu'
build_alias=''
build_cpu='x86_64'
build_os='linux-gnu'
build_vendor='unknown'
datadir='${datarootdir}'
datarootdir='${prefix}/share'
docdir='${datarootdir}/doc/${PACKAGE_TARNAME}'
dvidir='${docdir}'
exec_prefix='${prefix}'
host='x86_64-unknown-linux-gnu'
host_alias=''
host_cpu='x86_64'
host_os='linux-gnu'
host_vendor='unknown'
htmldir='${docdir}'
includedir='${prefix}/include'
infodir='${datarootdir}/info'
install_sh='${SHELL} /home/j4jackj/sporksircd/libltdl/config/install-sh'
libdir='${exec_prefix}/lib'
libexecdir='${exec_prefix}/libexec'
localedir='${datarootdir}/locale'
localstatedir='${prefix}/var'
mandir='${datarootdir}/man'
mkdir_p='/bin/mkdir -p'
oldincludedir='/usr/include'
pdfdir='${docdir}'
prefix='/usr/local'
program_transform_name='s,x,x,'
psdir='${docdir}'
sbindir='${exec_prefix}/sbin'
sharedstatedir='${prefix}/com'
sysconfdir='${prefix}/etc'
target_alias=''

## ----------- ##
## confdefs.h. ##
## ----------- ##

/* confdefs.h */
#define PACKAGE_NAME "libltdl"
#define PACKAGE_TARNAME "libltdl"
#define PACKAGE_VERSION "2.4"
#define PACKAGE_STRING "libltdl 2.4"
#define PACKAGE_BUGREPORT "bug-libtool@gnu.org"
#define PACKAGE_URL ""
#define PACKAGE "libltdl"
#define VERSION "2.4"
#define STDC_HEADERS 1
#define HAVE_SYS_TYPES_H 1
#define HAVE_SYS_STAT_H 1
#define HAVE_STDLIB_H 1
#define HAVE_STRING_H 1
#define HAVE_MEMORY_H 1
#define HAVE_STRINGS_H 1
#define HAVE_INTTYPES_H 1
#define HAVE_STDINT_H 1
#define HAVE_UNISTD_H 1
#define HAVE_DLFCN_H 1
#define LT_OBJDIR ".libs/"

configure: exit 0
